-------------------------------------------------------------------------------
Test set: cn.itheima.SpringbootMybatisApplicationTests
-------------------------------------------------------------------------------
Tests run: 1, Failures: 0, Errors: 1, Skipped: 0, Time elapsed: 0.423 s <<< FAILURE! - in cn.itheima.SpringbootMybatisApplicationTests
initializationError(cn.itheima.SpringbootMybatisApplicationTests)  Time elapsed: 0.005 s  <<< ERROR!
java.lang.IllegalStateException: Unable to find a @SpringBootConfiguration, you need to use @ContextConfiguration or @SpringBootTest(classes=...) with your test

