<?xml version="1.0" encoding="UTF-8"?>
<testsuite xmlns:xsi="http://www.w3.org/2001/XMLSchema-instance" xsi:noNamespaceSchemaLocation="https://maven.apache.org/surefire/maven-surefire-plugin/xsd/surefire-test-report.xsd" name="cn.itheima.SpringbootMybatisApplicationTests" time="0.423" tests="1" errors="1" skipped="0" failures="0">
  <properties>
[...]
</properties>
  <testcase name="initializationError" classname="cn.itheima.SpringbootMybatisApplicationTests" time="0.005">
    <error message="Unable to find a @SpringBootConfiguration, you need to use @ContextConfiguration or @SpringBootTest(classes=...) with your test" type="java.lang.IllegalStateException">java.lang.IllegalStateException: Unable to find a @SpringBootConfiguration, you need to use @ContextConfiguration or @SpringBootTest(classes=...) with your test
</error>
    <system-out><![CDATA[19:04:12.301 [main] DEBUG org.springframework.test.context.junit4.SpringJUnit4ClassRunner - SpringJUnit4ClassRunner constructor called with [class cn.itheima.SpringbootMybatisApplicationTests]
19:04:12.309 [main] DEBUG org.springframework.test.context.BootstrapUtils - Instantiating CacheAwareContextLoaderDelegate from class [org.springframework.test.context.cache.DefaultCacheAwareContextLoaderDelegate]
19:04:12.320 [main] DEBUG org.springframework.test.context.BootstrapUtils - Instantiating BootstrapContext using constructor [public org.springframework.test.context.support.DefaultBootstrapContext(java.lang.Class,org.springframework.test.context.CacheAwareContextLoaderDelegate)]
19:04:12.341 [main] DEBUG org.springframework.test.context.BootstrapUtils - Instantiating TestContextBootstrapper for test class [cn.itheima.SpringbootMybatisApplicationTests] from class [org.springframework.boot.test.context.SpringBootTestContextBootstrapper]
19:04:12.356 [main] INFO org.springframework.boot.test.context.SpringBootTestContextBootstrapper - Neither @ContextConfiguration nor @ContextHierarchy found for test class [cn.itheima.SpringbootMybatisApplicationTests], using SpringBootContextLoader
19:04:12.360 [main] DEBUG org.springframework.test.context.support.AbstractContextLoader - Did not detect default resource location for test class [cn.itheima.SpringbootMybatisApplicationTests]: class path resource [cn/itheima/SpringbootMybatisApplicationTests-context.xml] does not exist
19:04:12.360 [main] DEBUG org.springframework.test.context.support.AbstractContextLoader - Did not detect default resource location for test class [cn.itheima.SpringbootMybatisApplicationTests]: class path resource [cn/itheima/SpringbootMybatisApplicationTestsContext.groovy] does not exist
19:04:12.361 [main] INFO org.springframework.test.context.support.AbstractContextLoader - Could not detect default resource locations for test class [cn.itheima.SpringbootMybatisApplicationTests]: no resource found for suffixes {-context.xml, Context.groovy}.
19:04:12.361 [main] INFO org.springframework.test.context.support.AnnotationConfigContextLoaderUtils - Could not detect default configuration classes for test class [cn.itheima.SpringbootMybatisApplicationTests]: SpringbootMybatisApplicationTests does not declare any static, non-private, non-final, nested classes annotated with @Configuration.
19:04:12.405 [main] DEBUG org.springframework.test.context.support.ActiveProfilesUtils - Could not find an 'annotation declaring class' for annotation type [org.springframework.test.context.ActiveProfiles] and class [cn.itheima.SpringbootMybatisApplicationTests]
19:04:12.414 [main] DEBUG org.springframework.core.env.StandardEnvironment - Adding PropertySource 'systemProperties' with lowest search precedence
19:04:12.415 [main] DEBUG org.springframework.core.env.StandardEnvironment - Adding PropertySource 'systemEnvironment' with lowest search precedence
19:04:12.415 [main] DEBUG org.springframework.core.env.StandardEnvironment - Initialized StandardEnvironment with PropertySources [MapPropertySource@1132307065 {name='systemProperties', properties={sun.desktop=windows, awt.toolkit=sun.awt.windows.WToolkit, java.specification.version=9, file.encoding.pkg=sun.io, sun.cpu.isalist=amd64, sun.jnu.encoding=GBK, java.class.path=E:\github\spring-relate\lb_source_code\spring-base\target\test-classes;E:\github\spring-relate\lb_source_code\spring-base\target\classes;E:\Dev_env\java\maven_repository\org\springframework\boot\spring-boot-starter-web\2.0.1.RELEASE\spring-boot-starter-web-2.0.1.RELEASE.jar;E:\Dev_env\java\maven_repository\org\springframework\boot\spring-boot-starter\2.0.1.RELEASE\spring-boot-starter-2.0.1.RELEASE.jar;E:\Dev_env\java\maven_repository\org\springframework\boot\spring-boot\2.0.1.RELEASE\spring-boot-2.0.1.RELEASE.jar;E:\Dev_env\java\maven_repository\org\springframework\boot\spring-boot-autoconfigure\2.0.1.RELEASE\spring-boot-autoconfigure-2.0.1.RELEASE.jar;E:\Dev_env\java\maven_repository\org\springframework\boot\spring-boot-starter-logging\2.0.1.RELEASE\spring-boot-starter-logging-2.0.1.RELEASE.jar;E:\Dev_env\java\maven_repository\ch\qos\logback\logback-classic\1.2.3\logback-classic-1.2.3.jar;E:\Dev_env\java\maven_repository\ch\qos\logback\logback-core\1.2.3\logback-core-1.2.3.jar;E:\Dev_env\java\maven_repository\org\apache\logging\log4j\log4j-to-slf4j\2.10.0\log4j-to-slf4j-2.10.0.jar;E:\Dev_env\java\maven_repository\org\apache\logging\log4j\log4j-api\2.10.0\log4j-api-2.10.0.jar;E:\Dev_env\java\maven_repository\org\slf4j\jul-to-slf4j\1.7.25\jul-to-slf4j-1.7.25.jar;E:\Dev_env\java\maven_repository\javax\annotation\javax.annotation-api\1.3.2\javax.annotation-api-1.3.2.jar;E:\Dev_env\java\maven_repository\org\yaml\snakeyaml\1.19\snakeyaml-1.19.jar;E:\Dev_env\java\maven_repository\org\springframework\boot\spring-boot-starter-json\2.0.1.RELEASE\spring-boot-starter-json-2.0.1.RELEASE.jar;E:\Dev_env\java\maven_repository\com\fasterxml\jackson\core\jackson-databind\2.9.5\jackson-databind-2.9.5.jar;E:\Dev_env\java\maven_repository\com\fasterxml\jackson\core\jackson-annotations\2.9.0\jackson-annotations-2.9.0.jar;E:\Dev_env\java\maven_repository\com\fasterxml\jackson\core\jackson-core\2.9.5\jackson-core-2.9.5.jar;E:\Dev_env\java\maven_repository\com\fasterxml\jackson\datatype\jackson-datatype-jdk8\2.9.5\jackson-datatype-jdk8-2.9.5.jar;E:\Dev_env\java\maven_repository\com\fasterxml\jackson\datatype\jackson-datatype-jsr310\2.9.5\jackson-datatype-jsr310-2.9.5.jar;E:\Dev_env\java\maven_repository\com\fasterxml\jackson\module\jackson-module-parameter-names\2.9.5\jackson-module-parameter-names-2.9.5.jar;E:\Dev_env\java\maven_repository\org\springframework\boot\spring-boot-starter-tomcat\2.0.1.RELEASE\spring-boot-starter-tomcat-2.0.1.RELEASE.jar;E:\Dev_env\java\maven_repository\org\apache\tomcat\embed\tomcat-embed-core\8.5.29\tomcat-embed-core-8.5.29.jar;E:\Dev_env\java\maven_repository\org\apache\tomcat\embed\tomcat-embed-el\8.5.29\tomcat-embed-el-8.5.29.jar;E:\Dev_env\java\maven_repository\org\apache\tomcat\embed\tomcat-embed-websocket\8.5.29\tomcat-embed-websocket-8.5.29.jar;E:\Dev_env\java\maven_repository\org\hibernate\validator\hibernate-validator\6.0.9.Final\hibernate-validator-6.0.9.Final.jar;E:\Dev_env\java\maven_repository\javax\validation\validation-api\2.0.1.Final\validation-api-2.0.1.Final.jar;E:\Dev_env\java\maven_repository\org\jboss\logging\jboss-logging\3.3.2.Final\jboss-logging-3.3.2.Final.jar;E:\Dev_env\java\maven_repository\com\fasterxml\classmate\1.3.4\classmate-1.3.4.jar;E:\Dev_env\java\maven_repository\org\springframework\spring-web\5.0.5.RELEASE\spring-web-5.0.5.RELEASE.jar;E:\Dev_env\java\maven_repository\org\springframework\spring-beans\5.0.5.RELEASE\spring-beans-5.0.5.RELEASE.jar;E:\Dev_env\java\maven_repository\org\springframework\spring-webmvc\5.0.5.RELEASE\spring-webmvc-5.0.5.RELEASE.jar;E:\Dev_env\java\maven_repository\org\springframework\spring-aop\5.0.5.RELEASE\spring-aop-5.0.5.RELEASE.jar;E:\Dev_env\java\maven_repository\org\springframework\spring-context\5.0.5.RELEASE\spring-context-5.0.5.RELEASE.jar;E:\Dev_env\java\maven_repository\org\springframework\spring-expression\5.0.5.RELEASE\spring-expression-5.0.5.RELEASE.jar;E:\Dev_env\java\maven_repository\org\springframework\boot\spring-boot-starter-test\2.0.1.RELEASE\spring-boot-starter-test-2.0.1.RELEASE.jar;E:\Dev_env\java\maven_repository\org\springframework\boot\spring-boot-test\2.0.1.RELEASE\spring-boot-test-2.0.1.RELEASE.jar;E:\Dev_env\java\maven_repository\org\springframework\boot\spring-boot-test-autoconfigure\2.0.1.RELEASE\spring-boot-test-autoconfigure-2.0.1.RELEASE.jar;E:\Dev_env\java\maven_repository\com\jayway\jsonpath\json-path\2.4.0\json-path-2.4.0.jar;E:\Dev_env\java\maven_repository\net\minidev\json-smart\2.3\json-smart-2.3.jar;E:\Dev_env\java\maven_repository\net\minidev\accessors-smart\1.2\accessors-smart-1.2.jar;E:\Dev_env\java\maven_repository\org\ow2\asm\asm\5.0.4\asm-5.0.4.jar;E:\Dev_env\java\maven_repository\org\slf4j\slf4j-api\1.7.25\slf4j-api-1.7.25.jar;E:\Dev_env\java\maven_repository\junit\junit\4.12\junit-4.12.jar;E:\Dev_env\java\maven_repository\org\assertj\assertj-core\3.9.1\assertj-core-3.9.1.jar;E:\Dev_env\java\maven_repository\org\mockito\mockito-core\2.15.0\mockito-core-2.15.0.jar;E:\Dev_env\java\maven_repository\net\bytebuddy\byte-buddy\1.7.11\byte-buddy-1.7.11.jar;E:\Dev_env\java\maven_repository\net\bytebuddy\byte-buddy-agent\1.7.11\byte-buddy-agent-1.7.11.jar;E:\Dev_env\java\maven_repository\org\objenesis\objenesis\2.6\objenesis-2.6.jar;E:\Dev_env\java\maven_repository\org\hamcrest\hamcrest-core\1.3\hamcrest-core-1.3.jar;E:\Dev_env\java\maven_repository\org\hamcrest\hamcrest-library\1.3\hamcrest-library-1.3.jar;E:\Dev_env\java\maven_repository\org\skyscreamer\jsonassert\1.5.0\jsonassert-1.5.0.jar;E:\Dev_env\java\maven_repository\com\vaadin\external\google\android-json\0.0.20131108.vaadin1\android-json-0.0.20131108.vaadin1.jar;E:\Dev_env\java\maven_repository\org\springframework\spring-core\5.0.5.RELEASE\spring-core-5.0.5.RELEASE.jar;E:\Dev_env\java\maven_repository\org\springframework\spring-jcl\5.0.5.RELEASE\spring-jcl-5.0.5.RELEASE.jar;E:\Dev_env\java\maven_repository\org\springframework\spring-test\5.0.5.RELEASE\spring-test-5.0.5.RELEASE.jar;E:\Dev_env\java\maven_repository\org\xmlunit\xmlunit-core\2.5.1\xmlunit-core-2.5.1.jar;E:\Dev_env\java\maven_repository\org\mybatis\spring\boot\mybatis-spring-boot-starter\1.1.1\mybatis-spring-boot-starter-1.1.1.jar;E:\Dev_env\java\maven_repository\org\mybatis\spring\boot\mybatis-spring-boot-autoconfigure\1.1.1\mybatis-spring-boot-autoconfigure-1.1.1.jar;E:\Dev_env\java\maven_repository\org\mybatis\mybatis\3.4.0\mybatis-3.4.0.jar;E:\Dev_env\java\maven_repository\org\mybatis\mybatis-spring\1.3.0\mybatis-spring-1.3.0.jar;E:\Dev_env\java\maven_repository\org\springframework\boot\spring-boot-starter-jdbc\2.0.1.RELEASE\spring-boot-starter-jdbc-2.0.1.RELEASE.jar;E:\Dev_env\java\maven_repository\com\zaxxer\HikariCP\2.7.8\HikariCP-2.7.8.jar;E:\Dev_env\java\maven_repository\org\springframework\spring-jdbc\5.0.5.RELEASE\spring-jdbc-5.0.5.RELEASE.jar;E:\Dev_env\java\maven_repository\org\springframework\spring-tx\5.0.5.RELEASE\spring-tx-5.0.5.RELEASE.jar;E:\Dev_env\java\maven_repository\org\projectlombok\lombok\1.16.20\lombok-1.16.20.jar;E:\Dev_env\java\maven_repository\mysql\mysql-connector-java\5.1.46\mysql-connector-java-5.1.46.jar;E:\Dev_env\java\maven_repository\com\lou\simhasher\0.0.1-SNAPSHOT\simhasher-0.0.1-SNAPSHOT.jar;E:\Dev_env\java\maven_repository\org\apache\lucene\lucene-core\4.7.2\lucene-core-4.7.2.jar;E:\Dev_env\java\maven_repository\com\janeluo\ikanalyzer\2012_u6\ikanalyzer-2012_u6.jar;E:\Dev_env\java\maven_repository\org\apache\lucene\lucene-queryparser\4.7.2\lucene-queryparser-4.7.2.jar;E:\Dev_env\java\maven_repository\org\apache\lucene\lucene-queries\4.7.2\lucene-queries-4.7.2.jar;E:\Dev_env\java\maven_repository\org\apache\lucene\lucene-sandbox\4.7.2\lucene-sandbox-4.7.2.jar;E:\Dev_env\java\maven_repository\org\apache\lucene\lucene-analyzers-common\4.7.2\lucene-analyzers-common-4.7.2.jar;E:\Dev_env\java\maven_repository\commons-io\commons-io\2.6\commons-io-2.6.jar;, java.vm.vendor=Oracle Corporation, sun.arch.data.model=64, user.variant=, java.vendor.url=http://java.oracle.com/, user.timezone=Asia/Shanghai, os.name=Windows 10, java.vm.specification.version=9, sun.java.launcher=SUN_STANDARD, user.country=CN, sun.boot.library.path=E:\Dev_env\java\jdk9\bin, sun.java.command=C:\Users\ADMINI~1\AppData\Local\Temp\surefire18137203446131631225\surefirebooter11765581684159779379.jar C:\Users\Administrator\AppData\Local\Temp\surefire18137203446131631225 2020-01-07T19-04-07_950-jvmRun1 surefire10396040997672283150tmp surefire_08848071786072959078tmp, jdk.debug=release, surefire.test.class.path=E:\github\spring-relate\lb_source_code\spring-base\target\test-classes;E:\github\spring-relate\lb_source_code\spring-base\target\classes;E:\Dev_env\java\maven_repository\org\springframework\boot\spring-boot-starter-web\2.0.1.RELEASE\spring-boot-starter-web-2.0.1.RELEASE.jar;E:\Dev_env\java\maven_repository\org\springframework\boot\spring-boot-starter\2.0.1.RELEASE\spring-boot-starter-2.0.1.RELEASE.jar;E:\Dev_env\java\maven_repository\org\springframework\boot\spring-boot\2.0.1.RELEASE\spring-boot-2.0.1.RELEASE.jar;E:\Dev_env\java\maven_repository\org\springframework\boot\spring-boot-autoconfigure\2.0.1.RELEASE\spring-boot-autoconfigure-2.0.1.RELEASE.jar;E:\Dev_env\java\maven_repository\org\springframework\boot\spring-boot-starter-logging\2.0.1.RELEASE\spring-boot-starter-logging-2.0.1.RELEASE.jar;E:\Dev_env\java\maven_repository\ch\qos\logback\logback-classic\1.2.3\logback-classic-1.2.3.jar;E:\Dev_env\java\maven_repository\ch\qos\logback\logback-core\1.2.3\logback-core-1.2.3.jar;E:\Dev_env\java\maven_repository\org\apache\logging\log4j\log4j-to-slf4j\2.10.0\log4j-to-slf4j-2.10.0.jar;E:\Dev_env\java\maven_repository\org\apache\logging\log4j\log4j-api\2.10.0\log4j-api-2.10.0.jar;E:\Dev_env\java\maven_repository\org\slf4j\jul-to-slf4j\1.7.25\jul-to-slf4j-1.7.25.jar;E:\Dev_env\java\maven_repository\javax\annotation\javax.annotation-api\1.3.2\javax.annotation-api-1.3.2.jar;E:\Dev_env\java\maven_repository\org\yaml\snakeyaml\1.19\snakeyaml-1.19.jar;E:\Dev_env\java\maven_repository\org\springframework\boot\spring-boot-starter-json\2.0.1.RELEASE\spring-boot-starter-json-2.0.1.RELEASE.jar;E:\Dev_env\java\maven_repository\com\fasterxml\jackson\core\jackson-databind\2.9.5\jackson-databind-2.9.5.jar;E:\Dev_env\java\maven_repository\com\fasterxml\jackson\core\jackson-annotations\2.9.0\jackson-annotations-2.9.0.jar;E:\Dev_env\java\maven_repository\com\fasterxml\jackson\core\jackson-core\2.9.5\jackson-core-2.9.5.jar;E:\Dev_env\java\maven_repository\com\fasterxml\jackson\datatype\jackson-datatype-jdk8\2.9.5\jackson-datatype-jdk8-2.9.5.jar;E:\Dev_env\java\maven_repository\com\fasterxml\jackson\datatype\jackson-datatype-jsr310\2.9.5\jackson-datatype-jsr310-2.9.5.jar;E:\Dev_env\java\maven_repository\com\fasterxml\jackson\module\jackson-module-parameter-names\2.9.5\jackson-module-parameter-names-2.9.5.jar;E:\Dev_env\java\maven_repository\org\springframework\boot\spring-boot-starter-tomcat\2.0.1.RELEASE\spring-boot-starter-tomcat-2.0.1.RELEASE.jar;E:\Dev_env\java\maven_repository\org\apache\tomcat\embed\tomcat-embed-core\8.5.29\tomcat-embed-core-8.5.29.jar;E:\Dev_env\java\maven_repository\org\apache\tomcat\embed\tomcat-embed-el\8.5.29\tomcat-embed-el-8.5.29.jar;E:\Dev_env\java\maven_repository\org\apache\tomcat\embed\tomcat-embed-websocket\8.5.29\tomcat-embed-websocket-8.5.29.jar;E:\Dev_env\java\maven_repository\org\hibernate\validator\hibernate-validator\6.0.9.Final\hibernate-validator-6.0.9.Final.jar;E:\Dev_env\java\maven_repository\javax\validation\validation-api\2.0.1.Final\validation-api-2.0.1.Final.jar;E:\Dev_env\java\maven_repository\org\jboss\logging\jboss-logging\3.3.2.Final\jboss-logging-3.3.2.Final.jar;E:\Dev_env\java\maven_repository\com\fasterxml\classmate\1.3.4\classmate-1.3.4.jar;E:\Dev_env\java\maven_repository\org\springframework\spring-web\5.0.5.RELEASE\spring-web-5.0.5.RELEASE.jar;E:\Dev_env\java\maven_repository\org\springframework\spring-beans\5.0.5.RELEASE\spring-beans-5.0.5.RELEASE.jar;E:\Dev_env\java\maven_repository\org\springframework\spring-webmvc\5.0.5.RELEASE\spring-webmvc-5.0.5.RELEASE.jar;E:\Dev_env\java\maven_repository\org\springframework\spring-aop\5.0.5.RELEASE\spring-aop-5.0.5.RELEASE.jar;E:\Dev_env\java\maven_repository\org\springframework\spring-context\5.0.5.RELEASE\spring-context-5.0.5.RELEASE.jar;E:\Dev_env\java\maven_repository\org\springframework\spring-expression\5.0.5.RELEASE\spring-expression-5.0.5.RELEASE.jar;E:\Dev_env\java\maven_repository\org\springframework\boot\spring-boot-starter-test\2.0.1.RELEASE\spring-boot-starter-test-2.0.1.RELEASE.jar;E:\Dev_env\java\maven_repository\org\springframework\boot\spring-boot-test\2.0.1.RELEASE\spring-boot-test-2.0.1.RELEASE.jar;E:\Dev_env\java\maven_repository\org\springframework\boot\spring-boot-test-autoconfigure\2.0.1.RELEASE\spring-boot-test-autoconfigure-2.0.1.RELEASE.jar;E:\Dev_env\java\maven_repository\com\jayway\jsonpath\json-path\2.4.0\json-path-2.4.0.jar;E:\Dev_env\java\maven_repository\net\minidev\json-smart\2.3\json-smart-2.3.jar;E:\Dev_env\java\maven_repository\net\minidev\accessors-smart\1.2\accessors-smart-1.2.jar;E:\Dev_env\java\maven_repository\org\ow2\asm\asm\5.0.4\asm-5.0.4.jar;E:\Dev_env\java\maven_repository\org\slf4j\slf4j-api\1.7.25\slf4j-api-1.7.25.jar;E:\Dev_env\java\maven_repository\junit\junit\4.12\junit-4.12.jar;E:\Dev_env\java\maven_repository\org\assertj\assertj-core\3.9.1\assertj-core-3.9.1.jar;E:\Dev_env\java\maven_repository\org\mockito\mockito-core\2.15.0\mockito-core-2.15.0.jar;E:\Dev_env\java\maven_repository\net\bytebuddy\byte-buddy\1.7.11\byte-buddy-1.7.11.jar;E:\Dev_env\java\maven_repository\net\bytebuddy\byte-buddy-agent\1.7.11\byte-buddy-agent-1.7.11.jar;E:\Dev_env\java\maven_repository\org\objenesis\objenesis\2.6\objenesis-2.6.jar;E:\Dev_env\java\maven_repository\org\hamcrest\hamcrest-core\1.3\hamcrest-core-1.3.jar;E:\Dev_env\java\maven_repository\org\hamcrest\hamcrest-library\1.3\hamcrest-library-1.3.jar;E:\Dev_env\java\maven_repository\org\skyscreamer\jsonassert\1.5.0\jsonassert-1.5.0.jar;E:\Dev_env\java\maven_repository\com\vaadin\external\google\android-json\0.0.20131108.vaadin1\android-json-0.0.20131108.vaadin1.jar;E:\Dev_env\java\maven_repository\org\springframework\spring-core\5.0.5.RELEASE\spring-core-5.0.5.RELEASE.jar;E:\Dev_env\java\maven_repository\org\springframework\spring-jcl\5.0.5.RELEASE\spring-jcl-5.0.5.RELEASE.jar;E:\Dev_env\java\maven_repository\org\springframework\spring-test\5.0.5.RELEASE\spring-test-5.0.5.RELEASE.jar;E:\Dev_env\java\maven_repository\org\xmlunit\xmlunit-core\2.5.1\xmlunit-core-2.5.1.jar;E:\Dev_env\java\maven_repository\org\mybatis\spring\boot\mybatis-spring-boot-starter\1.1.1\mybatis-spring-boot-starter-1.1.1.jar;E:\Dev_env\java\maven_repository\org\mybatis\spring\boot\mybatis-spring-boot-autoconfigure\1.1.1\mybatis-spring-boot-autoconfigure-1.1.1.jar;E:\Dev_env\java\maven_repository\org\mybatis\mybatis\3.4.0\mybatis-3.4.0.jar;E:\Dev_env\java\maven_repository\org\mybatis\mybatis-spring\1.3.0\mybatis-spring-1.3.0.jar;E:\Dev_env\java\maven_repository\org\springframework\boot\spring-boot-starter-jdbc\2.0.1.RELEASE\spring-boot-starter-jdbc-2.0.1.RELEASE.jar;E:\Dev_env\java\maven_repository\com\zaxxer\HikariCP\2.7.8\HikariCP-2.7.8.jar;E:\Dev_env\java\maven_repository\org\springframework\spring-jdbc\5.0.5.RELEASE\spring-jdbc-5.0.5.RELEASE.jar;E:\Dev_env\java\maven_repository\org\springframework\spring-tx\5.0.5.RELEASE\spring-tx-5.0.5.RELEASE.jar;E:\Dev_env\java\maven_repository\org\projectlombok\lombok\1.16.20\lombok-1.16.20.jar;E:\Dev_env\java\maven_repository\mysql\mysql-connector-java\5.1.46\mysql-connector-java-5.1.46.jar;E:\Dev_env\java\maven_repository\com\lou\simhasher\0.0.1-SNAPSHOT\simhasher-0.0.1-SNAPSHOT.jar;E:\Dev_env\java\maven_repository\org\apache\lucene\lucene-core\4.7.2\lucene-core-4.7.2.jar;E:\Dev_env\java\maven_repository\com\janeluo\ikanalyzer\2012_u6\ikanalyzer-2012_u6.jar;E:\Dev_env\java\maven_repository\org\apache\lucene\lucene-queryparser\4.7.2\lucene-queryparser-4.7.2.jar;E:\Dev_env\java\maven_repository\org\apache\lucene\lucene-queries\4.7.2\lucene-queries-4.7.2.jar;E:\Dev_env\java\maven_repository\org\apache\lucene\lucene-sandbox\4.7.2\lucene-sandbox-4.7.2.jar;E:\Dev_env\java\maven_repository\org\apache\lucene\lucene-analyzers-common\4.7.2\lucene-analyzers-common-4.7.2.jar;E:\Dev_env\java\maven_repository\commons-io\commons-io\2.6\commons-io-2.6.jar;, sun.cpu.endian=little, user.home=C:\Users\Administrator, user.language=zh, java.specification.vendor=Oracle Corporation, java.home=E:\Dev_env\java\jdk9, file.separator=\, basedir=E:\github\spring-relate\lb_source_code\spring-base, java.vm.compressedOopsMode=Zero based, line.separator=
, java.vm.specification.vendor=Oracle Corporation, java.specification.name=Java Platform API Specification, java.awt.graphicsenv=sun.awt.Win32GraphicsEnvironment, surefire.real.class.path=C:\Users\ADMINI~1\AppData\Local\Temp\surefire18137203446131631225\surefirebooter11765581684159779379.jar, user.script=, sun.management.compiler=HotSpot 64-Bit Tiered Compilers, java.runtime.version=9.0.4+11, user.name=Administrator, path.separator=;, os.version=10.0, java.runtime.name=Java(TM) SE Runtime Environment, file.encoding=GBK, java.vm.name=Java HotSpot(TM) 64-Bit Server VM, localRepository=E:\Dev_env\java\maven_repository, java.vendor.url.bug=http://bugreport.java.com/bugreport/, java.io.tmpdir=C:\Users\ADMINI~1\AppData\Local\Temp\, java.version=9.0.4, user.dir=E:\github\spring-relate\lb_source_code\spring-base, os.arch=amd64, java.vm.specification.name=Java Virtual Machine Specification, java.awt.printerjob=sun.awt.windows.WPrinterJob, idea.version2019.1.3=true, sun.os.patch.level=, java.library.path=E:\Dev_env\java\jdk9\bin;C:\Windows\Sun\Java\bin;C:\Windows\system32;C:\Windows;C:\ProgramData\Oracle\Java\javapath;E:\Dev_env\java\jdk9\bin;C:\Program Files\nodejs\npm_global;C:\Windows\system32;C:\Windows;C:\Windows\System32\Wbem;C:\Windows\System32\WindowsPowerShell\v1.0\;C:\Windows\System32\OpenSSH\;E:\program files\JetBrains\IntelliJ IDEA 2019.1.3\plugins\maven\lib\maven3\bin;E:\Dev_tools\mysql5.5\bin;C:\Program Files\Git\cmd;C:\Program Files\TortoiseGit\bin;C:\Program Files\nodejs\;C:\Program Files\nodejs\node_cache;E:\Dev_env\java\gradle-5.6.4\bin;C:\Users\Administrator\AppData\Local\Programs\Python\Python37\Scripts\;C:\Users\Administrator\AppData\Local\Programs\Python\Python37\;C:\Users\Administrator\AppData\Local\Microsoft\WindowsApps;E:\Dev_env\VSCode\bin;C:\Users\Administrator\AppData\Roaming\npm;., java.vm.info=mixed mode, java.vendor=Oracle Corporation, java.vm.version=9.0.4+11, sun.io.unicode.encoding=UnicodeLittle, maven.repo.local=E:\Dev_env\java\maven_repository, java.class.version=53.0}}, SystemEnvironmentPropertySource@599984672 {name='systemEnvironment', properties={PATH=C:\ProgramData\Oracle\Java\javapath;E:\Dev_env\java\jdk9\bin;C:\Program Files\nodejs\npm_global;C:\Windows\system32;C:\Windows;C:\Windows\System32\Wbem;C:\Windows\System32\WindowsPowerShell\v1.0\;C:\Windows\System32\OpenSSH\;E:\program files\JetBrains\IntelliJ IDEA 2019.1.3\plugins\maven\lib\maven3\bin;E:\Dev_tools\mysql5.5\bin;C:\Program Files\Git\cmd;C:\Program Files\TortoiseGit\bin;C:\Program Files\nodejs\;C:\Program Files\nodejs\node_cache;E:\Dev_env\java\gradle-5.6.4\bin;C:\Users\Administrator\AppData\Local\Programs\Python\Python37\Scripts\;C:\Users\Administrator\AppData\Local\Programs\Python\Python37\;C:\Users\Administrator\AppData\Local\Microsoft\WindowsApps;E:\Dev_env\VSCode\bin;C:\Users\Administrator\AppData\Roaming\npm, USERDOMAIN_ROAMINGPROFILE=WIN-0FVD6DVNUOJ, LOCALAPPDATA=C:\Users\Administrator\AppData\Local, PROCESSOR_LEVEL=6, SYSTEMDRIVE=C:, COMMONPROGRAMFILES(X86)=C:\Program Files (x86)\Common Files, USERDOMAIN=WIN-0FVD6DVNUOJ, FPS_BROWSER_APP_PROFILE_STRING=Internet Explorer, LOGONSERVER=\\WIN-0FVD6DVNUOJ, JAVA_HOME=E:\Dev_env\java\jdk9, PROMPT=$P$G, SESSIONNAME=Console, ALLUSERSPROFILE=C:\ProgramData, PROGRAMFILES(X86)=C:\Program Files (x86), PROCESSOR_ARCHITECTURE=AMD64, DRIVERDATA=C:\Windows\System32\Drivers\DriverData, GRADLE_HOME=E:\Dev_env\java\gradle-5.6.4, =E:=E:\github\spring-relate\lb_source_code\spring-base, MAVEN_HOME=E:\program files\JetBrains\IntelliJ IDEA 2019.1.3\plugins\maven\lib\maven3, PROGRAMFILES=C:\Program Files, APPDATA=C:\Users\Administrator\AppData\Roaming, GRADLE_USER_HOME=E:\Dev_env\java\gradle_repository, PSMODULEPATH=C:\Program Files\WindowsPowerShell\Modules;C:\Windows\system32\WindowsPowerShell\v1.0\Modules, PROGRAMW6432=C:\Program Files, PROGRAMDATA=C:\ProgramData, SYSTEMROOT=C:\Windows, USERNAME=Administrator, FPS_BROWSER_USER_PROFILE_STRING=Default, PATHEXT=.COM;.EXE;.BAT;.CMD;.VBS;.VBE;.JS;.JSE;.WSF;.WSH;.MSC, OS=Windows_NT, COMMONPROGRAMW6432=C:\Program Files\Common Files, COMPUTERNAME=WIN-0FVD6DVNUOJ, COMMONPROGRAMFILES=C:\Program Files\Common Files, COMSPEC=C:\Windows\system32\cmd.exe, PROCESSOR_REVISION=3a09, WINDIR=C:\Windows, HOMEPATH=\Users\Administrator, TEMP=C:\Users\ADMINI~1\AppData\Local\Temp, HOMEDRIVE=C:, PROCESSOR_IDENTIFIER=Intel64 Family 6 Model 58 Stepping 9, GenuineIntel, USERPROFILE=C:\Users\Administrator, TMP=C:\Users\ADMINI~1\AppData\Local\Temp, PUBLIC=C:\Users\Public, NUMBER_OF_PROCESSORS=8, =::=::\}}]
19:04:12.433 [main] DEBUG org.springframework.core.io.support.PathMatchingResourcePatternResolver - Resolved classpath location [cn/itheima/] to resources [URL [file:/E:/github/spring-relate/lb_source_code/spring-base/target/test-classes/cn/itheima/]]
19:04:12.433 [main] DEBUG org.springframework.core.io.support.PathMatchingResourcePatternResolver - Looking for matching resources in directory tree [E:\github\spring-relate\lb_source_code\spring-base\target\test-classes\cn\itheima]
19:04:12.434 [main] DEBUG org.springframework.core.io.support.PathMatchingResourcePatternResolver - Searching directory [E:\github\spring-relate\lb_source_code\spring-base\target\test-classes\cn\itheima] for files matching pattern [E:/github/spring-relate/lb_source_code/spring-base/target/test-classes/cn/itheima/*.class]
19:04:12.438 [main] DEBUG org.springframework.core.io.support.PathMatchingResourcePatternResolver - Resolved location pattern [classpath*:cn/itheima/*.class] to resources [file [E:\github\spring-relate\lb_source_code\spring-base\target\test-classes\cn\itheima\SpringbootMybatisApplicationTests.class]]
19:04:12.460 [main] DEBUG org.springframework.core.io.support.PathMatchingResourcePatternResolver - Resolved classpath location [cn/] to resources [URL [file:/E:/github/spring-relate/lb_source_code/spring-base/target/test-classes/cn/]]
19:04:12.460 [main] DEBUG org.springframework.core.io.support.PathMatchingResourcePatternResolver - Looking for matching resources in directory tree [E:\github\spring-relate\lb_source_code\spring-base\target\test-classes\cn]
19:04:12.461 [main] DEBUG org.springframework.core.io.support.PathMatchingResourcePatternResolver - Searching directory [E:\github\spring-relate\lb_source_code\spring-base\target\test-classes\cn] for files matching pattern [E:/github/spring-relate/lb_source_code/spring-base/target/test-classes/cn/*.class]
19:04:12.461 [main] DEBUG org.springframework.core.io.support.PathMatchingResourcePatternResolver - Resolved location pattern [classpath*:cn/*.class] to resources []
]]></system-out>
  </testcase>
</testsuite>